Base path: C:/Program Files (x86)/Unity/Editor/Data
Pipe name: \\.\pipe\UnityShaderCompiler-2-5908
Cmd: getPlatforms
Cmd: compileSnippet
  api=4 type=0 insize=2125 outsize=1550 kw= ok=1
Cmd: compileSnippet
  api=8 type=0 insize=5421 outsize=6281 kw=DIRECTIONAL SHADOWS_OFF LIGHTMAP_OFF DIRLIGHTMAP_OFF ok=1
Cmd: compileSnippet
  api=8 type=0 insize=5421 outsize=3843 kw=DIRECTIONAL SHADOWS_OFF LIGHTMAP_ON DIRLIGHTMAP_ON ok=1
Cmd: compileSnippet
  api=8 type=0 insize=5421 outsize=4404 kw=DIRECTIONAL SHADOWS_SCREEN LIGHTMAP_ON DIRLIGHTMAP_OFF ok=1
Cmd: compileSnippet
  api=8 type=0 insize=5421 outsize=9027 kw=DIRECTIONAL SHADOWS_OFF LIGHTMAP_OFF DIRLIGHTMAP_OFF VERTEXLIGHT_ON ok=1
Cmd: compileSnippet
  api=8 type=1 insize=5421 outsize=3689 kw=DIRECTIONAL SHADOWS_OFF LIGHTMAP_ON DIRLIGHTMAP_OFF ok=1
Cmd: compileSnippet
  api=8 type=1 insize=5421 outsize=6330 kw=DIRECTIONAL SHADOWS_OFF LIGHTMAP_ON DIRLIGHTMAP_ON ok=1
Cmd: compileSnippet
  api=4 type=0 insize=2961 outsize=3720 kw=POINT ok=1
Cmd: compileSnippet
  api=0 type=0 insize=2961 outsize=1385 kw=POINT_COOKIE ok=1
Cmd: compileSnippet
  api=8 type=1 insize=2961 outsize=4526 kw=POINT ok=1
Cmd: compileSnippet
  api=4 type=0 insize=4978 outsize=4028 kw=LIGHTMAP_ON DIRLIGHTMAP_OFF HDR_LIGHT_PREPASS_OFF ok=1
Cmd: compileSnippet
  api=4 type=0 insize=4978 outsize=4004 kw=LIGHTMAP_OFF DIRLIGHTMAP_OFF HDR_LIGHT_PREPASS_ON ok=1
Cmd: compileSnippet
  api=1 type=0 insize=4978 outsize=702 kw=LIGHTMAP_ON DIRLIGHTMAP_ON HDR_LIGHT_PREPASS_ON ok=1
Cmd: compileSnippet
  api=1 type=1 insize=4978 outsize=1111 kw=LIGHTMAP_ON DIRLIGHTMAP_OFF HDR_LIGHT_PREPASS_OFF ok=1
Cmd: compileSnippet
  api=4 type=1 insize=4978 outsize=2802 kw=LIGHTMAP_OFF DIRLIGHTMAP_OFF HDR_LIGHT_PREPASS_ON ok=1
Cmd: compileSnippet
  api=8 type=1 insize=4978 outsize=6907 kw=LIGHTMAP_ON DIRLIGHTMAP_ON HDR_LIGHT_PREPASS_ON ok=1
Cmd: compileSnippet
  api=0 type=0 insize=1322 outsize=441 kw= ok=1
Cmd: compileSnippet
  api=0 type=0 insize=1274 outsize=441 kw= ok=1
Cmd: compileSnippet
  api=0 type=0 insize=1260 outsize=441 kw= ok=1
Cmd: compileSnippet
  api=8 type=1 insize=1282 outsize=1682 kw= ok=1
Cmd: compileSnippet
  api=0 type=0 insize=1277 outsize=441 kw= ok=1
Cmd: compileSnippet
  api=8 type=0 insize=942 outsize=1690 kw= ok=1
Cmd: compileSnippet
  api=8 type=0 insize=1051 outsize=1690 kw= ok=1
Unhandled exception: Readfile from pipe failed. GLE=The pipe has been ended.


Quitting shader compiler process
