Base path: C:/Program Files (x86)/Unity/Editor/Data
Pipe name: \\.\pipe\UnityShaderCompiler-5-5468
Cmd: getPlatforms
Cmd: compileSnippet
  api=4 type=1 insize=2125 outsize=1688 kw= ok=1
Cmd: compileSnippet
  api=8 type=0 insize=5421 outsize=3843 kw=DIRECTIONAL SHADOWS_OFF LIGHTMAP_ON DIRLIGHTMAP_OFF ok=1
Cmd: compileSnippet
  api=1 type=0 insize=5421 outsize=598 kw=DIRECTIONAL SHADOWS_OFF LIGHTMAP_ON DIRLIGHTMAP_ON ok=1
Cmd: compileSnippet
  api=4 type=0 insize=5421 outsize=3029 kw=DIRECTIONAL SHADOWS_SCREEN LIGHTMAP_ON DIRLIGHTMAP_OFF ok=1
Cmd: compileSnippet
  api=8 type=0 insize=5421 outsize=4404 kw=DIRECTIONAL SHADOWS_SCREEN LIGHTMAP_ON DIRLIGHTMAP_ON ok=1
Cmd: compileSnippet
  api=8 type=0 insize=5421 outsize=9539 kw=DIRECTIONAL SHADOWS_SCREEN LIGHTMAP_OFF DIRLIGHTMAP_OFF VERTEXLIGHT_ON ok=1
Cmd: compileSnippet
  api=1 type=1 insize=5421 outsize=707 kw=DIRECTIONAL SHADOWS_OFF LIGHTMAP_ON DIRLIGHTMAP_OFF ok=1
Cmd: compileSnippet
  api=1 type=1 insize=5421 outsize=827 kw=DIRECTIONAL SHADOWS_SCREEN LIGHTMAP_ON DIRLIGHTMAP_OFF ok=1
Cmd: compileSnippet
  api=0 type=0 insize=2961 outsize=1422 kw=SPOT ok=1
Cmd: compileSnippet
  api=0 type=0 insize=2961 outsize=1305 kw=DIRECTIONAL_COOKIE ok=1
Cmd: compileSnippet
  api=1 type=1 insize=2961 outsize=1167 kw=SPOT ok=1
Cmd: compileSnippet
  api=0 type=1 insize=2961 outsize=1026 kw=DIRECTIONAL_COOKIE ok=1
Cmd: compileSnippet
  api=0 type=0 insize=2803 outsize=924 kw= ok=1
Cmd: compileSnippet
  api=1 type=0 insize=4978 outsize=882 kw=LIGHTMAP_ON DIRLIGHTMAP_OFF HDR_LIGHT_PREPASS_OFF ok=1
Cmd: compileSnippet
  api=1 type=0 insize=4978 outsize=1005 kw=LIGHTMAP_OFF DIRLIGHTMAP_OFF HDR_LIGHT_PREPASS_ON ok=1
Cmd: compileSnippet
  api=8 type=0 insize=4978 outsize=4404 kw=LIGHTMAP_ON DIRLIGHTMAP_ON HDR_LIGHT_PREPASS_ON ok=1
Cmd: compileSnippet
  api=4 type=1 insize=4978 outsize=3703 kw=LIGHTMAP_ON DIRLIGHTMAP_OFF HDR_LIGHT_PREPASS_OFF ok=1
Cmd: compileSnippet
  api=8 type=1 insize=4978 outsize=4209 kw=LIGHTMAP_OFF DIRLIGHTMAP_OFF HDR_LIGHT_PREPASS_ON ok=1
Cmd: compileSnippet
  api=0 type=0 insize=986 outsize=397 kw= ok=1
Cmd: compileSnippet
  api=0 type=1 insize=1203 outsize=344 kw= ok=1
Cmd: compileSnippet
  api=8 type=0 insize=1274 outsize=1950 kw= ok=1
Cmd: compileSnippet
  api=0 type=0 insize=1260 outsize=441 kw= ok=1
Cmd: compileSnippet
  api=4 type=1 insize=1260 outsize=1136 kw= ok=1
Cmd: compileSnippet
  api=0 type=0 insize=1282 outsize=441 kw= ok=1
Cmd: compileSnippet
  api=0 type=0 insize=1222 outsize=441 kw= ok=1
Cmd: compileSnippet
  api=0 type=0 insize=942 outsize=360 kw= ok=1
Unhandled exception: Readfile from pipe failed. GLE=The pipe has been ended.


Quitting shader compiler process
